Flattening unmatched subcell mim_cap_m4 in circuit lc_filter_lvs_magic (1)(1 instance)
Warning: Equate pins:  cell sky130_fd_pr__cap_mim_m3_2 has no definition, treated as a black box.
Warning: Equate pins:  cell sky130_fd_pr__cap_mim_m3_2 has no definition, treated as a black box.

Subcircuit pins:
Circuit 1: sky130_fd_pr__cap_mim_m3_2      |Circuit 2: sky130_fd_pr__cap_mim_m3_2      
-------------------------------------------|-------------------------------------------
1                                          |1                                          
2                                          |2                                          
---------------------------------------------------------------------------------------
Cell pin lists are equivalent.
Device classes sky130_fd_pr__cap_mim_m3_2 and sky130_fd_pr__cap_mim_m3_2 are equivalent.

Cell lc_filter_lvs_xschem disconnected node: gnd
Class lc_filter_lvs_magic:  Merged 3 devices.

Cell lc_filter_lvs_xschem disconnected node: gnd

Subcircuit summary:
Circuit 1: lc_filter_lvs_xschem            |Circuit 2: lc_filter_lvs_magic             
-------------------------------------------|-------------------------------------------
sky130_fd_pr__cap_mim_m3_2 (1)             |sky130_fd_pr__cap_mim_m3_2 (1)             
sky130_fd_pr__res_generic_m5 (1)           |sky130_fd_pr__res_generic_m5 (1)           
Number of devices: 2                       |Number of devices: 2                       
Number of nets: 2                          |Number of nets: 2                          
---------------------------------------------------------------------------------------
Circuits match uniquely.
Property errors were found.
Netlists match uniquely.
There were property errors.
sky130_fd_pr__cap_mim_m3_2C1 vs. mim_cap_m4_0/sky130_fd_pr__cap_mim_m3_20:
Property MF in circuit1 has no matching property in circuit2

Subcircuit pins:
Circuit 1: lc_filter_lvs_xschem            |Circuit 2: lc_filter_lvs_magic             
-------------------------------------------|-------------------------------------------
p1                                         |p1                                         
p2                                         |p2                                         
gnd                                        |gnd                                        
---------------------------------------------------------------------------------------
Cell pin lists are equivalent.
Device classes lc_filter_lvs_xschem and lc_filter_lvs_magic are equivalent.
Circuits match uniquely.
Property errors were found.
The following cells had property errors: lc_filter_lvs_xschem
